<?xml version="1.0" encoding="utf-8"?><testsuites name="pytest tests"><testsuite name="pytest" errors="0" failures="1" skipped="0" tests="37" time="41.354" timestamp="2026-08-23T19:12:03.299551+00:00" hostname="agent-env-85a8d41f-131a-47b0-9fa1-e4a59ed661df"><testcase classname="tests.backend_test.TestCompare" name="test_compare_two" time="0.242" /><testcase classname="tests.backend_test.TestCompanies" name="test_list_companies" time="0.130" /><testcase classname="tests.backend_test.TestCompanies" name="test_list_companies_search_filter" time="0.192" /><testcase classname="tests.backend_test.TestCompare" name="test_compare_one_ticker_400" time="0.055" /><testcase classname="tests.backend_test.TestCompare" name="test_compare_five_ticker_400" time="0.051" /><testcase classname="tests.backend_test.TestCompanies" name="test_get_company_full" time="0.080" /><testcase classname="tests.backend_test.TestCompare" name="test_compare_unknown_ticker_404" time="0.079" /><testcase classname="tests.backend_test.TestCompanies" name="test_get_company_case_insensitive" time="0.079" /><testcase classname="tests.backend_test.TestCompare" name="test_compare_missing_body_422" time="0.054" /><testcase classname="tests.backend_test.TestCompanies" name="test_get_company_404" time="0.059" /><testcase classname="tests.backend_test.TestAssistant" name="test_assistant_stream" time="20.734" /><testcase classname="tests.backend_test.TestCompanies" name="test_price_history" time="1.242" /><testcase classname="tests.backend_test.TestCompanies" name="test_price_history_404" time="0.089" /><testcase classname="tests.backend_test.TestCompanies" name="test_financials" time="0.081" /><testcase classname="tests.backend_test.TestCompanies" name="test_investigations" time="0.038" /><testcase classname="tests.backend_test.TestCompanies" name="test_investigations_all_companies_non_empty" time="1.334" /><testcase classname="tests.backend_test.TestCompanies" name="test_news_events_dependencies" time="0.205" /><testcase classname="tests.backend_test.TestCompanies" name="test_news_404_unknown_ticker" time="0.039" /><testcase classname="tests.backend_test.TestCompanies" name="test_events_404_unknown_ticker" time="0.082" /><testcase classname="tests.backend_test.TestCompanies" name="test_dependencies_404_unknown_ticker" time="0.139" /><testcase classname="tests.backend_test.TestCompanies" name="test_all_companies_endpoints_ok" time="8.845" /><testcase classname="tests.backend_test.TestMarket" name="test_overview" time="0.043" /><testcase classname="tests.backend_test.TestMarket" name="test_trending" time="0.041" /><testcase classname="tests.backend_test.TestMarket" name="test_signals" time="0.038" /><testcase classname="tests.test_iteration4.TestFinancials" name="test_nvda_financials_consistent" time="0.138" /><testcase classname="tests.test_iteration4.TestFinancials" name="test_financials_internal_coherence_all_companies" time="1.374" /><testcase classname="tests.test_iteration4.TestFinancials" name="test_financials_404" time="0.043" /><testcase classname="tests.test_iteration4.TestDependencies" name="test_nvda_dependencies_enriched" time="0.033" /><testcase classname="tests.test_iteration4.TestDependencies" name="test_all_companies_dependencies_enriched" time="1.305"><failure message="AssertionError: dependency issues: [('TCS', 'only 4 nodes'), ('HDFCBANK', 'only 4 nodes')]&#10;assert not [('TCS', 'only 4 nodes'), ('HDFCBANK', 'only 4 nodes')]">tests/test_iteration4.py:98: in test_all_companies_dependencies_enriched
    assert not problems, f"dependency issues: {problems}"
E   AssertionError: dependency issues: [('TCS', 'only 4 nodes'), ('HDFCBANK', 'only 4 nodes')]
E   assert not [('TCS', 'only 4 nodes'), ('HDFCBANK', 'only 4 nodes')]</failure></testcase><testcase classname="tests.test_iteration4.TestDependencies" name="test_dependencies_404" time="0.043" /><testcase classname="tests.test_iteration4.TestRipples" name="test_list_ripples" time="0.071" /><testcase classname="tests.test_iteration4.TestRipples" name="test_get_ripple_by_id" time="0.052" /><testcase classname="tests.test_iteration4.TestRipples" name="test_get_ripple_unknown_404" time="0.070" /><testcase classname="tests.backend_test.TestHealth" name="test_root" time="0.043" /><testcase classname="tests.backend_test.TestAssistant" name="test_assistant_no_ticker" time="13.370" /><testcase classname="tests.backend_test.TestAssistant" name="test_assistant_missing_question_422" time="0.041" /><testcase classname="tests.backend_test.TestAssistant" name="test_assistant_multiline_integrity" time="6.208" /></testsuite></testsuites>