<?xml version="1.0" encoding="utf-8"?><testsuites name="pytest tests"><testsuite name="pytest" errors="0" failures="1" skipped="0" tests="28" time="47.023" timestamp="2026-08-23T18:45:04.567137+00:00" hostname="agent-env-85a8d41f-131a-47b0-9fa1-e4a59ed661df"><testcase classname="tests.backend_test.TestCompanies" name="test_list_companies" time="0.268" /><testcase classname="tests.backend_test.TestCompare" name="test_compare_two" time="0.270" /><testcase classname="tests.backend_test.TestCompanies" name="test_list_companies_search_filter" time="0.075" /><testcase classname="tests.backend_test.TestCompare" name="test_compare_one_ticker_400" time="0.075" /><testcase classname="tests.backend_test.TestCompanies" name="test_get_company_full" time="0.080" /><testcase classname="tests.backend_test.TestCompare" name="test_compare_five_ticker_400" time="0.041" /><testcase classname="tests.backend_test.TestCompare" name="test_compare_unknown_ticker_404" time="0.082" /><testcase classname="tests.backend_test.TestCompanies" name="test_get_company_case_insensitive" time="0.038" /><testcase classname="tests.backend_test.TestCompanies" name="test_get_company_404" time="0.085" /><testcase classname="tests.backend_test.TestCompare" name="test_compare_missing_body_422" time="0.037" /><testcase classname="tests.backend_test.TestAssistant" name="test_assistant_stream" time="26.912" /><testcase classname="tests.backend_test.TestCompanies" name="test_price_history" time="0.046" /><testcase classname="tests.backend_test.TestCompanies" name="test_price_history_404" time="1.218" /><testcase classname="tests.backend_test.TestCompanies" name="test_financials" time="0.090" /><testcase classname="tests.backend_test.TestCompanies" name="test_investigations" time="0.037" /><testcase classname="tests.backend_test.TestCompanies" name="test_investigations_all_companies_non_empty" time="1.368" /><testcase classname="tests.backend_test.TestCompanies" name="test_news_events_dependencies" time="0.145" /><testcase classname="tests.backend_test.TestCompanies" name="test_news_404_unknown_ticker" time="0.041" /><testcase classname="tests.backend_test.TestCompanies" name="test_events_404_unknown_ticker" time="0.042" /><testcase classname="tests.backend_test.TestCompanies" name="test_dependencies_404_unknown_ticker" time="0.044"><failure message="AssertionError: expected 404 got 200: {&quot;ticker&quot;:&quot;ZZZZ&quot;,&quot;dependency_map&quot;:{&quot;center&quot;:&quot;ZZZZ&quot;,&quot;nodes&quot;:[]},&quot;demo&quot;:true}&#10;assert 200 == 404&#10; +  where 200 = &lt;Response [200]&gt;.status_code">tests/backend_test.py:147: in test_dependencies_404_unknown_ticker
    assert r.status_code == 404, f"expected 404 got {r.status_code}: {r.text[:200]}"
E   AssertionError: expected 404 got 200: {"ticker":"ZZZZ","dependency_map":{"center":"ZZZZ","nodes":[]},"demo":true}
E   assert 200 == 404
E    +  where 200 = &lt;Response [200]&gt;.status_code</failure></testcase><testcase classname="tests.backend_test.TestCompanies" name="test_all_companies_endpoints_ok" time="8.792" /><testcase classname="tests.backend_test.TestMarket" name="test_overview" time="0.037" /><testcase classname="tests.backend_test.TestMarket" name="test_trending" time="0.033" /><testcase classname="tests.backend_test.TestMarket" name="test_signals" time="0.061" /><testcase classname="tests.backend_test.TestHealth" name="test_root" time="0.055" /><testcase classname="tests.backend_test.TestAssistant" name="test_assistant_no_ticker" time="13.462" /><testcase classname="tests.backend_test.TestAssistant" name="test_assistant_missing_question_422" time="0.067" /><testcase classname="tests.backend_test.TestAssistant" name="test_assistant_multiline_integrity" time="5.510" /></testsuite></testsuites>