<?xml version="1.0" encoding="utf-8"?><testsuites name="pytest tests"><testsuite name="pytest" errors="0" failures="1" skipped="0" tests="25" time="44.508" timestamp="2026-08-23T18:32:44.192587+00:00" hostname="agent-env-85a8d41f-131a-47b0-9fa1-e4a59ed661df"><testcase classname="tests.backend_test.TestCompare" name="test_compare_two" time="0.286" /><testcase classname="tests.backend_test.TestCompanies" name="test_list_companies" time="0.267" /><testcase classname="tests.backend_test.TestCompanies" name="test_list_companies_search_filter" time="0.071" /><testcase classname="tests.backend_test.TestCompare" name="test_compare_one_ticker_400" time="0.096" /><testcase classname="tests.backend_test.TestCompanies" name="test_get_company_full" time="0.032" /><testcase classname="tests.backend_test.TestCompanies" name="test_get_company_case_insensitive" time="0.071" /><testcase classname="tests.backend_test.TestCompare" name="test_compare_five_ticker_400" time="0.034" /><testcase classname="tests.backend_test.TestCompare" name="test_compare_unknown_ticker_404" time="0.030" /><testcase classname="tests.backend_test.TestCompanies" name="test_get_company_404" time="0.073" /><testcase classname="tests.backend_test.TestCompare" name="test_compare_missing_body_422" time="0.048" /><testcase classname="tests.backend_test.TestAssistant" name="test_assistant_stream" time="26.449" /><testcase classname="tests.backend_test.TestCompanies" name="test_price_history" time="0.078" /><testcase classname="tests.backend_test.TestCompanies" name="test_price_history_404" time="0.074" /><testcase classname="tests.backend_test.TestCompanies" name="test_financials" time="2.444" /><testcase classname="tests.backend_test.TestCompanies" name="test_investigations" time="0.187" /><testcase classname="tests.backend_test.TestCompanies" name="test_investigations_all_companies_non_empty" time="1.272" /><testcase classname="tests.backend_test.TestCompanies" name="test_news_events_dependencies" time="0.133" /><testcase classname="tests.backend_test.TestCompanies" name="test_all_companies_endpoints_ok" time="11.368" /><testcase classname="tests.backend_test.TestMarket" name="test_overview" time="0.041" /><testcase classname="tests.backend_test.TestMarket" name="test_trending" time="0.039" /><testcase classname="tests.backend_test.TestMarket" name="test_signals" time="0.033" /><testcase classname="tests.backend_test.TestHealth" name="test_root" time="0.031" /><testcase classname="tests.backend_test.TestAssistant" name="test_assistant_no_ticker" time="11.508" /><testcase classname="tests.backend_test.TestAssistant" name="test_assistant_missing_question_422" time="0.035" /><testcase classname="tests.backend_test.TestAssistant" name="test_assistant_multiline_integrity" time="5.417"><failure message="AssertionError: 2 SSE frames lack a 'data:'/'event:' prefix -&gt; content after newlines is dropped by clients. Samples: ['- **TSMC** — sole foundry for A-series/M-series chips; any capacity constraint, pricing shift, or geopolitical disruption (Taiwan', '**What to watch next:** Any incremental E']&#10;assert not ['- **TSMC** — sole foundry for A-series/M-series chips; any capacity constraint, pricing shift, or geopolitical disruption (Taiwan', '**What to watch next:** Any incremental E']">tests/backend_test.py:262: in test_assistant_multiline_integrity
    assert not orphan, (
E   AssertionError: 2 SSE frames lack a 'data:'/'event:' prefix -&gt; content after newlines is dropped by clients. Samples: ['- **TSMC** — sole foundry for A-series/M-series chips; any capacity constraint, pricing shift, or geopolitical disruption (Taiwan', '**What to watch next:** Any incremental E']
E   assert not ['- **TSMC** — sole foundry for A-series/M-series chips; any capacity constraint, pricing shift, or geopolitical disruption (Taiwan', '**What to watch next:** Any incremental E']</failure></testcase></testsuite></testsuites>