<?xml version="1.0" encoding="utf-8"?><testsuites name="pytest tests"><testsuite name="pytest" errors="0" failures="0" skipped="0" tests="9" time="2.355" timestamp="2026-08-23T19:21:31.132442+00:00" hostname="agent-env-85a8d41f-131a-47b0-9fa1-e4a59ed661df"><testcase classname="tests.test_iteration4.TestDependencies" name="test_nvda_dependencies_enriched" time="0.109" /><testcase classname="tests.test_iteration4.TestFinancials" name="test_nvda_financials_consistent" time="0.238" /><testcase classname="tests.test_iteration4.TestDependencies" name="test_all_companies_dependencies_enriched" time="1.310" /><testcase classname="tests.test_iteration4.TestFinancials" name="test_financials_internal_coherence_all_companies" time="1.546" /><testcase classname="tests.test_iteration4.TestDependencies" name="test_dependencies_404" time="0.078" /><testcase classname="tests.test_iteration4.TestRipples" name="test_list_ripples" time="0.089" /><testcase classname="tests.test_iteration4.TestRipples" name="test_get_ripple_by_id" time="0.034" /><testcase classname="tests.test_iteration4.TestRipples" name="test_get_ripple_unknown_404" time="0.031" /><testcase classname="tests.test_iteration4.TestFinancials" name="test_financials_404" time="0.075" /></testsuite></testsuites>